<html>
<head>
<title>TestNG:  Test</title>
<link href="../testng.css" rel="stylesheet" type="text/css" />
<link href="../my-testng.css" rel="stylesheet" type="text/css" />

<style type="text/css">
.log { display: none;} 
.stack-trace { display: none;} 
</style>
<script type="text/javascript">
<!--
function flip(e) {
  current = e.style.display;
  if (current == 'block') {
    e.style.display = 'none';
    return 0;
  }
  else {
    e.style.display = 'block';
    return 1;
  }
}

function toggleBox(szDivId, elem, msg1, msg2)
{
  var res = -1;  if (document.getElementById) {
    res = flip(document.getElementById(szDivId));
  }
  else if (document.all) {
    // this is the way old msie versions work
    res = flip(document.all[szDivId]);
  }
  if(elem) {
    if(res == 0) elem.innerHTML = msg1; else elem.innerHTML = msg2;
  }

}

function toggleAllBoxes() {
  if (document.getElementsByTagName) {
    d = document.getElementsByTagName('div');
    for (i = 0; i < d.length; i++) {
      if (d[i].className == 'log') {
        flip(d[i]);
      }
    }
  }
}

// -->
</script>

</head>
<body>
<h2 align='center'>Test</h2><table border='1' align="center">
<tr>
<td>Tests passed/Failed/Skipped:</td><td>42/6/7</td>
</tr><tr>
<td>Started on:</td><td>Fri Aug 04 18:10:14 IST 2023</td>
</tr>
<tr><td>Total time:</td><td>39 seconds (39360 ms)</td>
</tr><tr>
<td>Included groups:</td><td></td>
</tr><tr>
<td>Excluded groups:</td><td></td>
</tr>
</table><p/>
<small><i>(Hover the method name to see the test class name)</i></small><p/>
<table width='100%' border='1' class='invocation-failed'>
<tr><td colspan='4' align='center'><b>FAILED TESTS</b></td></tr>
<tr><td><b>Test method</b></td>
<td><b>Attribute(s)</b></td>
<td width="30%"><b>Exception</b></td>
<td width="10%"><b>Time (seconds)</b></td>
<td><b>Instance</b></td>
</tr>
<tr>
<td title='TestNg.Bothdependent.createCustomer()'><b>createCustomer</b><br>Test class: TestNg.Bothdependent</td>
<td><div><pre>java.lang.AssertionError: null
	at TestNg.Bothdependent.createCustomer(Bothdependent.java:12)
	at java.base/java.util.ArrayList.forEach(ArrayList.java:1511)
... Removed 29 stack frames</pre></div><a href='#' onClick='toggleBox("stack-trace237344028", this, "Click to show all stack frames", "Click to hide stack frames")'>Click to show all stack frames</a>
<div class='stack-trace' id='stack-trace237344028'><pre>java.lang.AssertionError: null
	at org.testng.Assert.fail(Assert.java:110)
	at org.testng.Assert.fail(Assert.java:115)
	at TestNg.Bothdependent.createCustomer(Bothdependent.java:12)
	at java.base/jdk.internal.reflect.NativeMethodAccessorImpl.invoke0(Native Method)
	at java.base/jdk.internal.reflect.NativeMethodAccessorImpl.invoke(NativeMethodAccessorImpl.java:77)
	at java.base/jdk.internal.reflect.DelegatingMethodAccessorImpl.invoke(DelegatingMethodAccessorImpl.java:43)
	at java.base/java.lang.reflect.Method.invoke(Method.java:568)
	at org.testng.internal.invokers.MethodInvocationHelper.invokeMethod(MethodInvocationHelper.java:139)
	at org.testng.internal.invokers.TestInvoker.invokeMethod(TestInvoker.java:677)
	at org.testng.internal.invokers.TestInvoker.invokeTestMethod(TestInvoker.java:221)
	at org.testng.internal.invokers.MethodRunner.runInSequence(MethodRunner.java:50)
	at org.testng.internal.invokers.TestInvoker$MethodInvocationAgent.invoke(TestInvoker.java:969)
	at org.testng.internal.invokers.TestInvoker.invokeTestMethods(TestInvoker.java:194)
	at org.testng.internal.invokers.TestMethodWorker.invokeTestMethods(TestMethodWorker.java:148)
	at org.testng.internal.invokers.TestMethodWorker.run(TestMethodWorker.java:128)
	at java.base/java.util.ArrayList.forEach(ArrayList.java:1511)
	at org.testng.TestRunner.privateRun(TestRunner.java:829)
	at org.testng.TestRunner.run(TestRunner.java:602)
	at org.testng.SuiteRunner.runTest(SuiteRunner.java:437)
	at org.testng.SuiteRunner.runSequentially(SuiteRunner.java:431)
	at org.testng.SuiteRunner.privateRun(SuiteRunner.java:391)
	at org.testng.SuiteRunner.run(SuiteRunner.java:330)
	at org.testng.SuiteRunnerWorker.runSuite(SuiteRunnerWorker.java:52)
	at org.testng.SuiteRunnerWorker.run(SuiteRunnerWorker.java:95)
	at org.testng.TestNG.runSuitesSequentially(TestNG.java:1256)
	at org.testng.TestNG.runSuitesLocally(TestNG.java:1176)
	at org.testng.TestNG.runSuites(TestNG.java:1099)
	at org.testng.TestNG.run(TestNG.java:1067)
	at org.testng.remote.AbstractRemoteTestNG.run(AbstractRemoteTestNG.java:115)
	at org.testng.remote.RemoteTestNG.initAndRun(RemoteTestNG.java:251)
	at org.testng.remote.RemoteTestNG.main(RemoteTestNG.java:77)
</pre></div></td>
<td>0</td>
<td>TestNg.Bothdependent@8519cb4</td></tr>
<tr>
<td title='TestNg.TestngPractice1.createCustomer()'><b>createCustomer</b><br>Test class: TestNg.TestngPractice1</td>
<td><div><pre>java.lang.AssertionError: null
	at TestNg.TestngPractice1.createCustomer(TestngPractice1.java:11)
	at java.base/java.util.ArrayList.forEach(ArrayList.java:1511)
... Removed 29 stack frames</pre></div><a href='#' onClick='toggleBox("stack-trace1766911337", this, "Click to show all stack frames", "Click to hide stack frames")'>Click to show all stack frames</a>
<div class='stack-trace' id='stack-trace1766911337'><pre>java.lang.AssertionError: null
	at org.testng.Assert.fail(Assert.java:110)
	at org.testng.Assert.fail(Assert.java:115)
	at TestNg.TestngPractice1.createCustomer(TestngPractice1.java:11)
	at java.base/jdk.internal.reflect.NativeMethodAccessorImpl.invoke0(Native Method)
	at java.base/jdk.internal.reflect.NativeMethodAccessorImpl.invoke(NativeMethodAccessorImpl.java:77)
	at java.base/jdk.internal.reflect.DelegatingMethodAccessorImpl.invoke(DelegatingMethodAccessorImpl.java:43)
	at java.base/java.lang.reflect.Method.invoke(Method.java:568)
	at org.testng.internal.invokers.MethodInvocationHelper.invokeMethod(MethodInvocationHelper.java:139)
	at org.testng.internal.invokers.TestInvoker.invokeMethod(TestInvoker.java:677)
	at org.testng.internal.invokers.TestInvoker.invokeTestMethod(TestInvoker.java:221)
	at org.testng.internal.invokers.MethodRunner.runInSequence(MethodRunner.java:50)
	at org.testng.internal.invokers.TestInvoker$MethodInvocationAgent.invoke(TestInvoker.java:969)
	at org.testng.internal.invokers.TestInvoker.invokeTestMethods(TestInvoker.java:194)
	at org.testng.internal.invokers.TestMethodWorker.invokeTestMethods(TestMethodWorker.java:148)
	at org.testng.internal.invokers.TestMethodWorker.run(TestMethodWorker.java:128)
	at java.base/java.util.ArrayList.forEach(ArrayList.java:1511)
	at org.testng.TestRunner.privateRun(TestRunner.java:829)
	at org.testng.TestRunner.run(TestRunner.java:602)
	at org.testng.SuiteRunner.runTest(SuiteRunner.java:437)
	at org.testng.SuiteRunner.runSequentially(SuiteRunner.java:431)
	at org.testng.SuiteRunner.privateRun(SuiteRunner.java:391)
	at org.testng.SuiteRunner.run(SuiteRunner.java:330)
	at org.testng.SuiteRunnerWorker.runSuite(SuiteRunnerWorker.java:52)
	at org.testng.SuiteRunnerWorker.run(SuiteRunnerWorker.java:95)
	at org.testng.TestNG.runSuitesSequentially(TestNG.java:1256)
	at org.testng.TestNG.runSuitesLocally(TestNG.java:1176)
	at org.testng.TestNG.runSuites(TestNG.java:1099)
	at org.testng.TestNG.run(TestNG.java:1067)
	at org.testng.remote.AbstractRemoteTestNG.run(AbstractRemoteTestNG.java:115)
	at org.testng.remote.RemoteTestNG.initAndRun(RemoteTestNG.java:251)
	at org.testng.remote.RemoteTestNG.main(RemoteTestNG.java:77)
</pre></div></td>
<td>0</td>
<td>TestNg.TestngPractice1@3f191845</td></tr>
<tr>
<td title='TestNg.Dependency10.createCustomer()'><b>createCustomer</b><br>Test class: TestNg.Dependency10</td>
<td><div><pre>java.lang.AssertionError: null
	at TestNg.Dependency10.createCustomer(Dependency10.java:11)
	at java.base/java.util.ArrayList.forEach(ArrayList.java:1511)
... Removed 29 stack frames</pre></div><a href='#' onClick='toggleBox("stack-trace1122130699", this, "Click to show all stack frames", "Click to hide stack frames")'>Click to show all stack frames</a>
<div class='stack-trace' id='stack-trace1122130699'><pre>java.lang.AssertionError: null
	at org.testng.Assert.fail(Assert.java:110)
	at org.testng.Assert.fail(Assert.java:115)
	at TestNg.Dependency10.createCustomer(Dependency10.java:11)
	at java.base/jdk.internal.reflect.NativeMethodAccessorImpl.invoke0(Native Method)
	at java.base/jdk.internal.reflect.NativeMethodAccessorImpl.invoke(NativeMethodAccessorImpl.java:77)
	at java.base/jdk.internal.reflect.DelegatingMethodAccessorImpl.invoke(DelegatingMethodAccessorImpl.java:43)
	at java.base/java.lang.reflect.Method.invoke(Method.java:568)
	at org.testng.internal.invokers.MethodInvocationHelper.invokeMethod(MethodInvocationHelper.java:139)
	at org.testng.internal.invokers.TestInvoker.invokeMethod(TestInvoker.java:677)
	at org.testng.internal.invokers.TestInvoker.invokeTestMethod(TestInvoker.java:221)
	at org.testng.internal.invokers.MethodRunner.runInSequence(MethodRunner.java:50)
	at org.testng.internal.invokers.TestInvoker$MethodInvocationAgent.invoke(TestInvoker.java:969)
	at org.testng.internal.invokers.TestInvoker.invokeTestMethods(TestInvoker.java:194)
	at org.testng.internal.invokers.TestMethodWorker.invokeTestMethods(TestMethodWorker.java:148)
	at org.testng.internal.invokers.TestMethodWorker.run(TestMethodWorker.java:128)
	at java.base/java.util.ArrayList.forEach(ArrayList.java:1511)
	at org.testng.TestRunner.privateRun(TestRunner.java:829)
	at org.testng.TestRunner.run(TestRunner.java:602)
	at org.testng.SuiteRunner.runTest(SuiteRunner.java:437)
	at org.testng.SuiteRunner.runSequentially(SuiteRunner.java:431)
	at org.testng.SuiteRunner.privateRun(SuiteRunner.java:391)
	at org.testng.SuiteRunner.run(SuiteRunner.java:330)
	at org.testng.SuiteRunnerWorker.runSuite(SuiteRunnerWorker.java:52)
	at org.testng.SuiteRunnerWorker.run(SuiteRunnerWorker.java:95)
	at org.testng.TestNG.runSuitesSequentially(TestNG.java:1256)
	at org.testng.TestNG.runSuitesLocally(TestNG.java:1176)
	at org.testng.TestNG.runSuites(TestNG.java:1099)
	at org.testng.TestNG.run(TestNG.java:1067)
	at org.testng.remote.AbstractRemoteTestNG.run(AbstractRemoteTestNG.java:115)
	at org.testng.remote.RemoteTestNG.initAndRun(RemoteTestNG.java:251)
	at org.testng.remote.RemoteTestNG.main(RemoteTestNG.java:77)
</pre></div></td>
<td>0</td>
<td>TestNg.Dependency10@5f049ea1</td></tr>
<tr>
<td title='Pom.LoginToActiTimeApp.loginTest()'><b>loginTest</b><br>Test class: Pom.LoginToActiTimeApp</td>
<td><div><pre>java.lang.IllegalStateException: The path to the driver executable Unable to locate the chromedriver executable; for more information on how to install drivers, see https://www.selenium.dev/documentation/webdriver/getting_started/install_drivers/
	at org.openqa.selenium.internal.Require$StateChecker.nonNull(Require.java:314)
	at org.openqa.selenium.remote.service.DriverFinder.getPath(DriverFinder.java:33)
	at org.openqa.selenium.chrome.ChromeDriver.generateExecutor(ChromeDriver.java:98)
	at org.openqa.selenium.chrome.ChromeDriver.&lt;init&gt;(ChromeDriver.java:88)
	at org.openqa.selenium.chrome.ChromeDriver.&lt;init&gt;(ChromeDriver.java:84)
	at org.openqa.selenium.chrome.ChromeDriver.&lt;init&gt;(ChromeDriver.java:52)
	at Pom.LoginToActiTimeApp.loginTest(LoginToActiTimeApp.java:24)
	at java.base/java.util.ArrayList.forEach(ArrayList.java:1511)
... Removed 27 stack frames</pre></div><a href='#' onClick='toggleBox("stack-trace1466917878", this, "Click to show all stack frames", "Click to hide stack frames")'>Click to show all stack frames</a>
<div class='stack-trace' id='stack-trace1466917878'><pre>java.lang.IllegalStateException: The path to the driver executable Unable to locate the chromedriver executable; for more information on how to install drivers, see https://www.selenium.dev/documentation/webdriver/getting_started/install_drivers/
	at org.openqa.selenium.internal.Require$StateChecker.nonNull(Require.java:314)
	at org.openqa.selenium.remote.service.DriverFinder.getPath(DriverFinder.java:33)
	at org.openqa.selenium.chrome.ChromeDriver.generateExecutor(ChromeDriver.java:98)
	at org.openqa.selenium.chrome.ChromeDriver.&lt;init&gt;(ChromeDriver.java:88)
	at org.openqa.selenium.chrome.ChromeDriver.&lt;init&gt;(ChromeDriver.java:84)
	at org.openqa.selenium.chrome.ChromeDriver.&lt;init&gt;(ChromeDriver.java:52)
	at Pom.LoginToActiTimeApp.loginTest(LoginToActiTimeApp.java:24)
	at java.base/jdk.internal.reflect.NativeMethodAccessorImpl.invoke0(Native Method)
	at java.base/jdk.internal.reflect.NativeMethodAccessorImpl.invoke(NativeMethodAccessorImpl.java:77)
	at java.base/jdk.internal.reflect.DelegatingMethodAccessorImpl.invoke(DelegatingMethodAccessorImpl.java:43)
	at java.base/java.lang.reflect.Method.invoke(Method.java:568)
	at org.testng.internal.invokers.MethodInvocationHelper.invokeMethod(MethodInvocationHelper.java:139)
	at org.testng.internal.invokers.TestInvoker.invokeMethod(TestInvoker.java:677)
	at org.testng.internal.invokers.TestInvoker.invokeTestMethod(TestInvoker.java:221)
	at org.testng.internal.invokers.MethodRunner.runInSequence(MethodRunner.java:50)
	at org.testng.internal.invokers.TestInvoker$MethodInvocationAgent.invoke(TestInvoker.java:969)
	at org.testng.internal.invokers.TestInvoker.invokeTestMethods(TestInvoker.java:194)
	at org.testng.internal.invokers.TestMethodWorker.invokeTestMethods(TestMethodWorker.java:148)
	at org.testng.internal.invokers.TestMethodWorker.run(TestMethodWorker.java:128)
	at java.base/java.util.ArrayList.forEach(ArrayList.java:1511)
	at org.testng.TestRunner.privateRun(TestRunner.java:829)
	at org.testng.TestRunner.run(TestRunner.java:602)
	at org.testng.SuiteRunner.runTest(SuiteRunner.java:437)
	at org.testng.SuiteRunner.runSequentially(SuiteRunner.java:431)
	at org.testng.SuiteRunner.privateRun(SuiteRunner.java:391)
	at org.testng.SuiteRunner.run(SuiteRunner.java:330)
	at org.testng.SuiteRunnerWorker.runSuite(SuiteRunnerWorker.java:52)
	at org.testng.SuiteRunnerWorker.run(SuiteRunnerWorker.java:95)
	at org.testng.TestNG.runSuitesSequentially(TestNG.java:1256)
	at org.testng.TestNG.runSuitesLocally(TestNG.java:1176)
	at org.testng.TestNG.runSuites(TestNG.java:1099)
	at org.testng.TestNG.run(TestNG.java:1067)
	at org.testng.remote.AbstractRemoteTestNG.run(AbstractRemoteTestNG.java:115)
	at org.testng.remote.RemoteTestNG.initAndRun(RemoteTestNG.java:251)
	at org.testng.remote.RemoteTestNG.main(RemoteTestNG.java:77)
</pre></div></td>
<td>37</td>
<td>Pom.LoginToActiTimeApp@48075da3</td></tr>
<tr>
<td title='TestNg.dependendTest.createCustomer()'><b>createCustomer</b><br>Test class: TestNg.dependendTest</td>
<td><div><pre>java.lang.AssertionError: null
	at TestNg.dependendTest.createCustomer(dependendTest.java:12)
	at java.base/java.util.ArrayList.forEach(ArrayList.java:1511)
... Removed 29 stack frames</pre></div><a href='#' onClick='toggleBox("stack-trace2073640037", this, "Click to show all stack frames", "Click to hide stack frames")'>Click to show all stack frames</a>
<div class='stack-trace' id='stack-trace2073640037'><pre>java.lang.AssertionError: null
	at org.testng.Assert.fail(Assert.java:110)
	at org.testng.Assert.fail(Assert.java:115)
	at TestNg.dependendTest.createCustomer(dependendTest.java:12)
	at java.base/jdk.internal.reflect.NativeMethodAccessorImpl.invoke0(Native Method)
	at java.base/jdk.internal.reflect.NativeMethodAccessorImpl.invoke(NativeMethodAccessorImpl.java:77)
	at java.base/jdk.internal.reflect.DelegatingMethodAccessorImpl.invoke(DelegatingMethodAccessorImpl.java:43)
	at java.base/java.lang.reflect.Method.invoke(Method.java:568)
	at org.testng.internal.invokers.MethodInvocationHelper.invokeMethod(MethodInvocationHelper.java:139)
	at org.testng.internal.invokers.TestInvoker.invokeMethod(TestInvoker.java:677)
	at org.testng.internal.invokers.TestInvoker.invokeTestMethod(TestInvoker.java:221)
	at org.testng.internal.invokers.MethodRunner.runInSequence(MethodRunner.java:50)
	at org.testng.internal.invokers.TestInvoker$MethodInvocationAgent.invoke(TestInvoker.java:969)
	at org.testng.internal.invokers.TestInvoker.invokeTestMethods(TestInvoker.java:194)
	at org.testng.internal.invokers.TestMethodWorker.invokeTestMethods(TestMethodWorker.java:148)
	at org.testng.internal.invokers.TestMethodWorker.run(TestMethodWorker.java:128)
	at java.base/java.util.ArrayList.forEach(ArrayList.java:1511)
	at org.testng.TestRunner.privateRun(TestRunner.java:829)
	at org.testng.TestRunner.run(TestRunner.java:602)
	at org.testng.SuiteRunner.runTest(SuiteRunner.java:437)
	at org.testng.SuiteRunner.runSequentially(SuiteRunner.java:431)
	at org.testng.SuiteRunner.privateRun(SuiteRunner.java:391)
	at org.testng.SuiteRunner.run(SuiteRunner.java:330)
	at org.testng.SuiteRunnerWorker.runSuite(SuiteRunnerWorker.java:52)
	at org.testng.SuiteRunnerWorker.run(SuiteRunnerWorker.java:95)
	at org.testng.TestNG.runSuitesSequentially(TestNG.java:1256)
	at org.testng.TestNG.runSuitesLocally(TestNG.java:1176)
	at org.testng.TestNG.runSuites(TestNG.java:1099)
	at org.testng.TestNG.run(TestNG.java:1067)
	at org.testng.remote.AbstractRemoteTestNG.run(AbstractRemoteTestNG.java:115)
	at org.testng.remote.RemoteTestNG.initAndRun(RemoteTestNG.java:251)
	at org.testng.remote.RemoteTestNG.main(RemoteTestNG.java:77)
</pre></div></td>
<td>0</td>
<td>TestNg.dependendTest@72035809</td></tr>
<tr>
<td title='BasicSelenium.Testng1.createCustomer()'><b>createCustomer</b><br>Test class: BasicSelenium.Testng1</td>
<td><div><pre>java.lang.AssertionError: null
	at BasicSelenium.Testng1.createCustomer(Testng1.java:11)
	at java.base/java.util.ArrayList.forEach(ArrayList.java:1511)
... Removed 29 stack frames</pre></div><a href='#' onClick='toggleBox("stack-trace1230955136", this, "Click to show all stack frames", "Click to hide stack frames")'>Click to show all stack frames</a>
<div class='stack-trace' id='stack-trace1230955136'><pre>java.lang.AssertionError: null
	at org.testng.Assert.fail(Assert.java:110)
	at org.testng.Assert.fail(Assert.java:115)
	at BasicSelenium.Testng1.createCustomer(Testng1.java:11)
	at java.base/jdk.internal.reflect.NativeMethodAccessorImpl.invoke0(Native Method)
	at java.base/jdk.internal.reflect.NativeMethodAccessorImpl.invoke(NativeMethodAccessorImpl.java:77)
	at java.base/jdk.internal.reflect.DelegatingMethodAccessorImpl.invoke(DelegatingMethodAccessorImpl.java:43)
	at java.base/java.lang.reflect.Method.invoke(Method.java:568)
	at org.testng.internal.invokers.MethodInvocationHelper.invokeMethod(MethodInvocationHelper.java:139)
	at org.testng.internal.invokers.TestInvoker.invokeMethod(TestInvoker.java:677)
	at org.testng.internal.invokers.TestInvoker.invokeTestMethod(TestInvoker.java:221)
	at org.testng.internal.invokers.MethodRunner.runInSequence(MethodRunner.java:50)
	at org.testng.internal.invokers.TestInvoker$MethodInvocationAgent.invoke(TestInvoker.java:969)
	at org.testng.internal.invokers.TestInvoker.invokeTestMethods(TestInvoker.java:194)
	at org.testng.internal.invokers.TestMethodWorker.invokeTestMethods(TestMethodWorker.java:148)
	at org.testng.internal.invokers.TestMethodWorker.run(TestMethodWorker.java:128)
	at java.base/java.util.ArrayList.forEach(ArrayList.java:1511)
	at org.testng.TestRunner.privateRun(TestRunner.java:829)
	at org.testng.TestRunner.run(TestRunner.java:602)
	at org.testng.SuiteRunner.runTest(SuiteRunner.java:437)
	at org.testng.SuiteRunner.runSequentially(SuiteRunner.java:431)
	at org.testng.SuiteRunner.privateRun(SuiteRunner.java:391)
	at org.testng.SuiteRunner.run(SuiteRunner.java:330)
	at org.testng.SuiteRunnerWorker.runSuite(SuiteRunnerWorker.java:52)
	at org.testng.SuiteRunnerWorker.run(SuiteRunnerWorker.java:95)
	at org.testng.TestNG.runSuitesSequentially(TestNG.java:1256)
	at org.testng.TestNG.runSuitesLocally(TestNG.java:1176)
	at org.testng.TestNG.runSuites(TestNG.java:1099)
	at org.testng.TestNG.run(TestNG.java:1067)
	at org.testng.remote.AbstractRemoteTestNG.run(AbstractRemoteTestNG.java:115)
	at org.testng.remote.RemoteTestNG.initAndRun(RemoteTestNG.java:251)
	at org.testng.remote.RemoteTestNG.main(RemoteTestNG.java:77)
</pre></div></td>
<td>0</td>
<td>BasicSelenium.Testng1@606e4010</td></tr>
</table><p>
<table width='100%' border='1' class='invocation-passed'>
<tr><td colspan='4' align='center'><b>PASSED TESTS</b></td></tr>
<tr><td><b>Test method</b></td>
<td><b>Attribute(s)</b></td>
<td width="30%"><b>Exception</b></td>
<td width="10%"><b>Time (seconds)</b></td>
<td><b>Instance</b></td>
</tr>
<tr>
<td title='TestNg.Program1.deleteCustomer()'><b>deleteCustomer</b><br>Test class: TestNg.Program1</td>
<td></td>
<td>0</td>
<td>TestNg.Program1@3ba987b8</td></tr>
<tr>
<td title='TestNg.Program1.modifyCustomer()'><b>modifyCustomer</b><br>Test class: TestNg.Program1</td>
<td></td>
<td>0</td>
<td>TestNg.Program1@3ba987b8</td></tr>
<tr>
<td title='TestNg.dependendTest.ModifyCustomer()'><b>ModifyCustomer</b><br>Test class: TestNg.dependendTest</td>
<td></td>
<td>0</td>
<td>TestNg.dependendTest@72035809</td></tr>
<tr>
<td title='TestNg.EnableDisavbleTest.VerifyCustomer()'><b>VerifyCustomer</b><br>Test class: TestNg.EnableDisavbleTest</td>
<td></td>
<td>0</td>
<td>TestNg.EnableDisavbleTest@18271936</td></tr>
<tr>
<td title='TestNg.InnvoprioritycountTest.ModifyCustomer()'><b>ModifyCustomer</b><br>Test class: TestNg.InnvoprioritycountTest</td>
<td></td>
<td>0</td>
<td>TestNg.InnvoprioritycountTest@53045c6c</td></tr>
<tr>
<td title='TestNg.Program1.Createcustomer()'><b>Createcustomer</b><br>Test class: TestNg.Program1</td>
<td></td>
<td>0</td>
<td>TestNg.Program1@3ba987b8</td></tr>
<tr>
<td title='TestNg.Testngpractice.sampleTest()'><b>sampleTest</b><br>Test class: TestNg.Testngpractice</td>
<td></td>
<td>0</td>
<td>TestNg.Testngpractice@909217e</td></tr>
<tr>
<td title='TestNg.EnableDisavbleTest.deleteCustomer1()'><b>deleteCustomer1</b><br>Test class: TestNg.EnableDisavbleTest</td>
<td></td>
<td>0</td>
<td>TestNg.EnableDisavbleTest@18271936</td></tr>
<tr>
<td title='TestNg.AscimodifyupdownTest.createcustomer()'><b>createcustomer</b><br>Test class: TestNg.AscimodifyupdownTest</td>
<td></td>
<td>0</td>
<td>TestNg.AscimodifyupdownTest@8458f04</td></tr>
<tr>
<td title='TestNg.Dependency10.deleteCustomer()'><b>deleteCustomer</b><br>Test class: TestNg.Dependency10</td>
<td></td>
<td>0</td>
<td>TestNg.Dependency10@5f049ea1</td></tr>
<tr>
<td title='TestNg.EnableDisavbleTest.deleteCustomer1()'><b>deleteCustomer1</b><br>Test class: TestNg.EnableDisavbleTest</td>
<td></td>
<td>0</td>
<td>TestNg.EnableDisavbleTest@18271936</td></tr>
<tr>
<td title='TestNg.DataProviderPractice.dataProviderDemo()'><b>dataProviderDemo</b><br>Test class: TestNg.DataProviderPractice<br>Parameters: Samsung, 20000</td>
<td></td>
<td>0</td>
<td>TestNg.DataProviderPractice@5afa3c9</td></tr>
<tr>
<td title='TestNg.dependendTest.createcustomer()'><b>createcustomer</b><br>Test class: TestNg.dependendTest</td>
<td></td>
<td>0</td>
<td>TestNg.dependendTest@72035809</td></tr>
<tr>
<td title='TestNg.InvocationcountTest.ModifyCustomer()'><b>ModifyCustomer</b><br>Test class: TestNg.InvocationcountTest</td>
<td></td>
<td>0</td>
<td>TestNg.InvocationcountTest@7f485fda</td></tr>
<tr>
<td title='TestNg.IntDataProviderPractice.dataProviderDemo()'><b>dataProviderDemo</b><br>Test class: TestNg.IntDataProviderPractice<br>Parameters: Samsung, 20000</td>
<td></td>
<td>0</td>
<td>TestNg.IntDataProviderPractice@2d901eb0</td></tr>
<tr>
<td title='TestNg.IntDataProviderPractice.dataProviderDemo()'><b>dataProviderDemo</b><br>Test class: TestNg.IntDataProviderPractice<br>Parameters: Vivo, 10000</td>
<td></td>
<td>0</td>
<td>TestNg.IntDataProviderPractice@2d901eb0</td></tr>
<tr>
<td title='TestNg.InvocationcountTest.deleteCustomer1()'><b>deleteCustomer1</b><br>Test class: TestNg.InvocationcountTest</td>
<td></td>
<td>0</td>
<td>TestNg.InvocationcountTest@7f485fda</td></tr>
<tr>
<td title='TestNg.InvocationcountTest.deleteCustomer1()'><b>deleteCustomer1</b><br>Test class: TestNg.InvocationcountTest</td>
<td></td>
<td>0</td>
<td>TestNg.InvocationcountTest@7f485fda</td></tr>
<tr>
<td title='TestNg.InvocationcountTest.VerifyCustomer()'><b>VerifyCustomer</b><br>Test class: TestNg.InvocationcountTest</td>
<td></td>
<td>0</td>
<td>TestNg.InvocationcountTest@7f485fda</td></tr>
<tr>
<td title='TestNg.InnvoprioritycountTest.deleteCustomer1()'><b>deleteCustomer1</b><br>Test class: TestNg.InnvoprioritycountTest</td>
<td></td>
<td>0</td>
<td>TestNg.InnvoprioritycountTest@53045c6c</td></tr>
<tr>
<td title='TestNg.InvocationcountTest.deleteCustomer1()'><b>deleteCustomer1</b><br>Test class: TestNg.InvocationcountTest</td>
<td></td>
<td>0</td>
<td>TestNg.InvocationcountTest@7f485fda</td></tr>
<tr>
<td title='TestNg.UsinglastTest.deleteCustomer()'><b>deleteCustomer</b><br>Test class: TestNg.UsinglastTest</td>
<td></td>
<td>0</td>
<td>TestNg.UsinglastTest@35dab4eb</td></tr>
<tr>
<td title='TestNg.dependendTest.deleteCustomer()'><b>deleteCustomer</b><br>Test class: TestNg.dependendTest</td>
<td></td>
<td>0</td>
<td>TestNg.dependendTest@72035809</td></tr>
<tr>
<td title='TestNg.DataProviderPractice.dataProviderDemo()'><b>dataProviderDemo</b><br>Test class: TestNg.DataProviderPractice<br>Parameters: Vivo, 10000</td>
<td></td>
<td>0</td>
<td>TestNg.DataProviderPractice@5afa3c9</td></tr>
<tr>
<td title='TestNg.PriorityTest.createcustomer()'><b>createcustomer</b><br>Test class: TestNg.PriorityTest</td>
<td></td>
<td>0</td>
<td>TestNg.PriorityTest@72cc7e6f</td></tr>
<tr>
<td title='TestNg.InnvoprioritycountTest.createcustomer()'><b>createcustomer</b><br>Test class: TestNg.InnvoprioritycountTest</td>
<td></td>
<td>0</td>
<td>TestNg.InnvoprioritycountTest@53045c6c</td></tr>
<tr>
<td title='TestNg.Testngpractice.sample()'><b>sample</b><br>Test class: TestNg.Testngpractice</td>
<td></td>
<td>0</td>
<td>TestNg.Testngpractice@909217e</td></tr>
<tr>
<td title='TestNg.InnvoprioritycountTest.deleteCustomer1()'><b>deleteCustomer1</b><br>Test class: TestNg.InnvoprioritycountTest</td>
<td></td>
<td>0</td>
<td>TestNg.InnvoprioritycountTest@53045c6c</td></tr>
<tr>
<td title='TestNg.UsinglastTest.modifyCustomer()'><b>modifyCustomer</b><br>Test class: TestNg.UsinglastTest</td>
<td></td>
<td>0</td>
<td>TestNg.UsinglastTest@35dab4eb</td></tr>
<tr>
<td title='TestNg.EnableDisavbleTest.deleteCustomer1()'><b>deleteCustomer1</b><br>Test class: TestNg.EnableDisavbleTest</td>
<td></td>
<td>0</td>
<td>TestNg.EnableDisavbleTest@18271936</td></tr>
<tr>
<td title='TestNg.InvocationcountTest.createcustomer()'><b>createcustomer</b><br>Test class: TestNg.InvocationcountTest</td>
<td></td>
<td>0</td>
<td>TestNg.InvocationcountTest@7f485fda</td></tr>
<tr>
<td title='TestNg.AscimodifyupdownTest.ModifyCustomer()'><b>ModifyCustomer</b><br>Test class: TestNg.AscimodifyupdownTest</td>
<td></td>
<td>0</td>
<td>TestNg.AscimodifyupdownTest@8458f04</td></tr>
<tr>
<td title='TestNg.PriorityTest.VerifyCustomer()'><b>VerifyCustomer</b><br>Test class: TestNg.PriorityTest</td>
<td></td>
<td>0</td>
<td>TestNg.PriorityTest@72cc7e6f</td></tr>
<tr>
<td title='TestNg.AscimodifyupdownTest.deleteCustomer()'><b>deleteCustomer</b><br>Test class: TestNg.AscimodifyupdownTest</td>
<td></td>
<td>0</td>
<td>TestNg.AscimodifyupdownTest@8458f04</td></tr>
<tr>
<td title='TestNg.EnableDisavbleTest.createcustomer()'><b>createcustomer</b><br>Test class: TestNg.EnableDisavbleTest</td>
<td></td>
<td>0</td>
<td>TestNg.EnableDisavbleTest@18271936</td></tr>
<tr>
<td title='TestNg.DataProviderPractice.dataProviderDemo()'><b>dataProviderDemo</b><br>Test class: TestNg.DataProviderPractice<br>Parameters: iphone, 25000</td>
<td></td>
<td>0</td>
<td>TestNg.DataProviderPractice@5afa3c9</td></tr>
<tr>
<td title='TestNg.PriorityTest.deleteCustomer1()'><b>deleteCustomer1</b><br>Test class: TestNg.PriorityTest</td>
<td></td>
<td>0</td>
<td>TestNg.PriorityTest@72cc7e6f</td></tr>
<tr>
<td title='TestNg.InnvoprioritycountTest.VerifyCustomer()'><b>VerifyCustomer</b><br>Test class: TestNg.InnvoprioritycountTest</td>
<td></td>
<td>0</td>
<td>TestNg.InnvoprioritycountTest@53045c6c</td></tr>
<tr>
<td title='TestNg.UsinglastTest.Createcustomer()'><b>Createcustomer</b><br>Test class: TestNg.UsinglastTest</td>
<td></td>
<td>0</td>
<td>TestNg.UsinglastTest@35dab4eb</td></tr>
<tr>
<td title='TestNg.InnvoprioritycountTest.deleteCustomer1()'><b>deleteCustomer1</b><br>Test class: TestNg.InnvoprioritycountTest</td>
<td></td>
<td>0</td>
<td>TestNg.InnvoprioritycountTest@53045c6c</td></tr>
<tr>
<td title='TestNg.PriorityTest.ModifyCustomer()'><b>ModifyCustomer</b><br>Test class: TestNg.PriorityTest</td>
<td></td>
<td>0</td>
<td>TestNg.PriorityTest@72cc7e6f</td></tr>
<tr>
<td title='TestNg.IntDataProviderPractice.dataProviderDemo()'><b>dataProviderDemo</b><br>Test class: TestNg.IntDataProviderPractice<br>Parameters: iphone, 25000</td>
<td></td>
<td>0</td>
<td>TestNg.IntDataProviderPractice@2d901eb0</td></tr>
</table><p>
<table width='100%' border='1' class='invocation-skipped'>
<tr><td colspan='4' align='center'><b>SKIPPED TESTS</b></td></tr>
<tr><td><b>Test method</b></td>
<td><b>Attribute(s)</b></td>
<td width="30%"><b>Exception</b></td>
<td width="10%"><b>Time (seconds)</b></td>
<td><b>Instance</b></td>
</tr>
<tr>
<td title='TestNg.TestngPractice1.modifyCustomer()'><b>modifyCustomer</b><br>Test class: TestNg.TestngPractice1</td>
<td><div><pre>java.lang.Throwable: Method TestNg.TestngPractice1.modifyCustomer() on instance TestNg.TestngPractice1@3f191845 depends on not successfully finished methods 
[TestNg.TestngPractice1.createCustomer() on instance TestNg.TestngPractice1@3f191845]
	at java.base/java.util.ArrayList.forEach(ArrayList.java:1511)
... Removed 18 stack frames</pre></div><a href='#' onClick='toggleBox("stack-trace1865516976", this, "Click to show all stack frames", "Click to hide stack frames")'>Click to show all stack frames</a>
<div class='stack-trace' id='stack-trace1865516976'><pre>java.lang.Throwable: Method TestNg.TestngPractice1.modifyCustomer() on instance TestNg.TestngPractice1@3f191845 depends on not successfully finished methods 
[TestNg.TestngPractice1.createCustomer() on instance TestNg.TestngPractice1@3f191845]
	at org.testng.internal.invokers.TestInvoker.invokeTestMethods(TestInvoker.java:150)
	at org.testng.internal.invokers.TestMethodWorker.invokeTestMethods(TestMethodWorker.java:148)
	at org.testng.internal.invokers.TestMethodWorker.run(TestMethodWorker.java:128)
	at java.base/java.util.ArrayList.forEach(ArrayList.java:1511)
	at org.testng.TestRunner.privateRun(TestRunner.java:829)
	at org.testng.TestRunner.run(TestRunner.java:602)
	at org.testng.SuiteRunner.runTest(SuiteRunner.java:437)
	at org.testng.SuiteRunner.runSequentially(SuiteRunner.java:431)
	at org.testng.SuiteRunner.privateRun(SuiteRunner.java:391)
	at org.testng.SuiteRunner.run(SuiteRunner.java:330)
	at org.testng.SuiteRunnerWorker.runSuite(SuiteRunnerWorker.java:52)
	at org.testng.SuiteRunnerWorker.run(SuiteRunnerWorker.java:95)
	at org.testng.TestNG.runSuitesSequentially(TestNG.java:1256)
	at org.testng.TestNG.runSuitesLocally(TestNG.java:1176)
	at org.testng.TestNG.runSuites(TestNG.java:1099)
	at org.testng.TestNG.run(TestNG.java:1067)
	at org.testng.remote.AbstractRemoteTestNG.run(AbstractRemoteTestNG.java:115)
	at org.testng.remote.RemoteTestNG.initAndRun(RemoteTestNG.java:251)
	at org.testng.remote.RemoteTestNG.main(RemoteTestNG.java:77)
</pre></div></td>
<td>0</td>
<td>TestNg.TestngPractice1@3f191845</td></tr>
<tr>
<td title='BasicSelenium.Testng1.modifyCustomer()'><b>modifyCustomer</b><br>Test class: BasicSelenium.Testng1</td>
<td><div><pre>java.lang.Throwable: Method BasicSelenium.Testng1.modifyCustomer() on instance BasicSelenium.Testng1@606e4010 depends on not successfully finished methods 
[BasicSelenium.Testng1.createCustomer() on instance BasicSelenium.Testng1@606e4010]
	at java.base/java.util.ArrayList.forEach(ArrayList.java:1511)
... Removed 18 stack frames</pre></div><a href='#' onClick='toggleBox("stack-trace1856158867", this, "Click to show all stack frames", "Click to hide stack frames")'>Click to show all stack frames</a>
<div class='stack-trace' id='stack-trace1856158867'><pre>java.lang.Throwable: Method BasicSelenium.Testng1.modifyCustomer() on instance BasicSelenium.Testng1@606e4010 depends on not successfully finished methods 
[BasicSelenium.Testng1.createCustomer() on instance BasicSelenium.Testng1@606e4010]
	at org.testng.internal.invokers.TestInvoker.invokeTestMethods(TestInvoker.java:150)
	at org.testng.internal.invokers.TestMethodWorker.invokeTestMethods(TestMethodWorker.java:148)
	at org.testng.internal.invokers.TestMethodWorker.run(TestMethodWorker.java:128)
	at java.base/java.util.ArrayList.forEach(ArrayList.java:1511)
	at org.testng.TestRunner.privateRun(TestRunner.java:829)
	at org.testng.TestRunner.run(TestRunner.java:602)
	at org.testng.SuiteRunner.runTest(SuiteRunner.java:437)
	at org.testng.SuiteRunner.runSequentially(SuiteRunner.java:431)
	at org.testng.SuiteRunner.privateRun(SuiteRunner.java:391)
	at org.testng.SuiteRunner.run(SuiteRunner.java:330)
	at org.testng.SuiteRunnerWorker.runSuite(SuiteRunnerWorker.java:52)
	at org.testng.SuiteRunnerWorker.run(SuiteRunnerWorker.java:95)
	at org.testng.TestNG.runSuitesSequentially(TestNG.java:1256)
	at org.testng.TestNG.runSuitesLocally(TestNG.java:1176)
	at org.testng.TestNG.runSuites(TestNG.java:1099)
	at org.testng.TestNG.run(TestNG.java:1067)
	at org.testng.remote.AbstractRemoteTestNG.run(AbstractRemoteTestNG.java:115)
	at org.testng.remote.RemoteTestNG.initAndRun(RemoteTestNG.java:251)
	at org.testng.remote.RemoteTestNG.main(RemoteTestNG.java:77)
</pre></div></td>
<td>0</td>
<td>BasicSelenium.Testng1@606e4010</td></tr>
<tr>
<td title='BasicSelenium.Testng1.deleteCustomer()'><b>deleteCustomer</b><br>Test class: BasicSelenium.Testng1</td>
<td><div><pre>java.lang.Throwable: Method BasicSelenium.Testng1.deleteCustomer() on instance BasicSelenium.Testng1@606e4010 depends on not successfully finished methods 
[BasicSelenium.Testng1.modifyCustomer() on instance BasicSelenium.Testng1@606e4010
BasicSelenium.Testng1.createCustomer() on instance BasicSelenium.Testng1@606e4010]
	at java.base/java.util.ArrayList.forEach(ArrayList.java:1511)
... Removed 18 stack frames</pre></div><a href='#' onClick='toggleBox("stack-trace258112787", this, "Click to show all stack frames", "Click to hide stack frames")'>Click to show all stack frames</a>
<div class='stack-trace' id='stack-trace258112787'><pre>java.lang.Throwable: Method BasicSelenium.Testng1.deleteCustomer() on instance BasicSelenium.Testng1@606e4010 depends on not successfully finished methods 
[BasicSelenium.Testng1.modifyCustomer() on instance BasicSelenium.Testng1@606e4010
BasicSelenium.Testng1.createCustomer() on instance BasicSelenium.Testng1@606e4010]
	at org.testng.internal.invokers.TestInvoker.invokeTestMethods(TestInvoker.java:150)
	at org.testng.internal.invokers.TestMethodWorker.invokeTestMethods(TestMethodWorker.java:148)
	at org.testng.internal.invokers.TestMethodWorker.run(TestMethodWorker.java:128)
	at java.base/java.util.ArrayList.forEach(ArrayList.java:1511)
	at org.testng.TestRunner.privateRun(TestRunner.java:829)
	at org.testng.TestRunner.run(TestRunner.java:602)
	at org.testng.SuiteRunner.runTest(SuiteRunner.java:437)
	at org.testng.SuiteRunner.runSequentially(SuiteRunner.java:431)
	at org.testng.SuiteRunner.privateRun(SuiteRunner.java:391)
	at org.testng.SuiteRunner.run(SuiteRunner.java:330)
	at org.testng.SuiteRunnerWorker.runSuite(SuiteRunnerWorker.java:52)
	at org.testng.SuiteRunnerWorker.run(SuiteRunnerWorker.java:95)
	at org.testng.TestNG.runSuitesSequentially(TestNG.java:1256)
	at org.testng.TestNG.runSuitesLocally(TestNG.java:1176)
	at org.testng.TestNG.runSuites(TestNG.java:1099)
	at org.testng.TestNG.run(TestNG.java:1067)
	at org.testng.remote.AbstractRemoteTestNG.run(AbstractRemoteTestNG.java:115)
	at org.testng.remote.RemoteTestNG.initAndRun(RemoteTestNG.java:251)
	at org.testng.remote.RemoteTestNG.main(RemoteTestNG.java:77)
</pre></div></td>
<td>0</td>
<td>BasicSelenium.Testng1@606e4010</td></tr>
<tr>
<td title='TestNg.TestngPractice1.deleteCustomer()'><b>deleteCustomer</b><br>Test class: TestNg.TestngPractice1</td>
<td><div><pre>java.lang.Throwable: Method TestNg.TestngPractice1.deleteCustomer() on instance TestNg.TestngPractice1@3f191845 depends on not successfully finished methods 
[TestNg.TestngPractice1.modifyCustomer() on instance TestNg.TestngPractice1@3f191845
TestNg.TestngPractice1.createCustomer() on instance TestNg.TestngPractice1@3f191845]
	at java.base/java.util.ArrayList.forEach(ArrayList.java:1511)
... Removed 18 stack frames</pre></div><a href='#' onClick='toggleBox("stack-trace1219916644", this, "Click to show all stack frames", "Click to hide stack frames")'>Click to show all stack frames</a>
<div class='stack-trace' id='stack-trace1219916644'><pre>java.lang.Throwable: Method TestNg.TestngPractice1.deleteCustomer() on instance TestNg.TestngPractice1@3f191845 depends on not successfully finished methods 
[TestNg.TestngPractice1.modifyCustomer() on instance TestNg.TestngPractice1@3f191845
TestNg.TestngPractice1.createCustomer() on instance TestNg.TestngPractice1@3f191845]
	at org.testng.internal.invokers.TestInvoker.invokeTestMethods(TestInvoker.java:150)
	at org.testng.internal.invokers.TestMethodWorker.invokeTestMethods(TestMethodWorker.java:148)
	at org.testng.internal.invokers.TestMethodWorker.run(TestMethodWorker.java:128)
	at java.base/java.util.ArrayList.forEach(ArrayList.java:1511)
	at org.testng.TestRunner.privateRun(TestRunner.java:829)
	at org.testng.TestRunner.run(TestRunner.java:602)
	at org.testng.SuiteRunner.runTest(SuiteRunner.java:437)
	at org.testng.SuiteRunner.runSequentially(SuiteRunner.java:431)
	at org.testng.SuiteRunner.privateRun(SuiteRunner.java:391)
	at org.testng.SuiteRunner.run(SuiteRunner.java:330)
	at org.testng.SuiteRunnerWorker.runSuite(SuiteRunnerWorker.java:52)
	at org.testng.SuiteRunnerWorker.run(SuiteRunnerWorker.java:95)
	at org.testng.TestNG.runSuitesSequentially(TestNG.java:1256)
	at org.testng.TestNG.runSuitesLocally(TestNG.java:1176)
	at org.testng.TestNG.runSuites(TestNG.java:1099)
	at org.testng.TestNG.run(TestNG.java:1067)
	at org.testng.remote.AbstractRemoteTestNG.run(AbstractRemoteTestNG.java:115)
	at org.testng.remote.RemoteTestNG.initAndRun(RemoteTestNG.java:251)
	at org.testng.remote.RemoteTestNG.main(RemoteTestNG.java:77)
</pre></div></td>
<td>0</td>
<td>TestNg.TestngPractice1@3f191845</td></tr>
<tr>
<td title='TestNg.Dependency10.modifyCustomer()'><b>modifyCustomer</b><br>Test class: TestNg.Dependency10</td>
<td><div><pre>java.lang.Throwable: Method TestNg.Dependency10.modifyCustomer() on instance TestNg.Dependency10@5f049ea1 depends on not successfully finished methods 
[TestNg.Dependency10.createCustomer() on instance TestNg.Dependency10@5f049ea1]
	at java.base/java.util.ArrayList.forEach(ArrayList.java:1511)
... Removed 18 stack frames</pre></div><a href='#' onClick='toggleBox("stack-trace570794077", this, "Click to show all stack frames", "Click to hide stack frames")'>Click to show all stack frames</a>
<div class='stack-trace' id='stack-trace570794077'><pre>java.lang.Throwable: Method TestNg.Dependency10.modifyCustomer() on instance TestNg.Dependency10@5f049ea1 depends on not successfully finished methods 
[TestNg.Dependency10.createCustomer() on instance TestNg.Dependency10@5f049ea1]
	at org.testng.internal.invokers.TestInvoker.invokeTestMethods(TestInvoker.java:150)
	at org.testng.internal.invokers.TestMethodWorker.invokeTestMethods(TestMethodWorker.java:148)
	at org.testng.internal.invokers.TestMethodWorker.run(TestMethodWorker.java:128)
	at java.base/java.util.ArrayList.forEach(ArrayList.java:1511)
	at org.testng.TestRunner.privateRun(TestRunner.java:829)
	at org.testng.TestRunner.run(TestRunner.java:602)
	at org.testng.SuiteRunner.runTest(SuiteRunner.java:437)
	at org.testng.SuiteRunner.runSequentially(SuiteRunner.java:431)
	at org.testng.SuiteRunner.privateRun(SuiteRunner.java:391)
	at org.testng.SuiteRunner.run(SuiteRunner.java:330)
	at org.testng.SuiteRunnerWorker.runSuite(SuiteRunnerWorker.java:52)
	at org.testng.SuiteRunnerWorker.run(SuiteRunnerWorker.java:95)
	at org.testng.TestNG.runSuitesSequentially(TestNG.java:1256)
	at org.testng.TestNG.runSuitesLocally(TestNG.java:1176)
	at org.testng.TestNG.runSuites(TestNG.java:1099)
	at org.testng.TestNG.run(TestNG.java:1067)
	at org.testng.remote.AbstractRemoteTestNG.run(AbstractRemoteTestNG.java:115)
	at org.testng.remote.RemoteTestNG.initAndRun(RemoteTestNG.java:251)
	at org.testng.remote.RemoteTestNG.main(RemoteTestNG.java:77)
</pre></div></td>
<td>0</td>
<td>TestNg.Dependency10@5f049ea1</td></tr>
<tr>
<td title='TestNg.Bothdependent.deleteCustomer()'><b>deleteCustomer</b><br>Test class: TestNg.Bothdependent</td>
<td><div><pre>java.lang.Throwable: Method TestNg.Bothdependent.deleteCustomer() on instance TestNg.Bothdependent@8519cb4 depends on not successfully finished methods 
[TestNg.Bothdependent.modifyCustomer() on instance TestNg.Bothdependent@8519cb4
TestNg.Bothdependent.createCustomer() on instance TestNg.Bothdependent@8519cb4]
	at java.base/java.util.ArrayList.forEach(ArrayList.java:1511)
... Removed 18 stack frames</pre></div><a href='#' onClick='toggleBox("stack-trace1975873209", this, "Click to show all stack frames", "Click to hide stack frames")'>Click to show all stack frames</a>
<div class='stack-trace' id='stack-trace1975873209'><pre>java.lang.Throwable: Method TestNg.Bothdependent.deleteCustomer() on instance TestNg.Bothdependent@8519cb4 depends on not successfully finished methods 
[TestNg.Bothdependent.modifyCustomer() on instance TestNg.Bothdependent@8519cb4
TestNg.Bothdependent.createCustomer() on instance TestNg.Bothdependent@8519cb4]
	at org.testng.internal.invokers.TestInvoker.invokeTestMethods(TestInvoker.java:150)
	at org.testng.internal.invokers.TestMethodWorker.invokeTestMethods(TestMethodWorker.java:148)
	at org.testng.internal.invokers.TestMethodWorker.run(TestMethodWorker.java:128)
	at java.base/java.util.ArrayList.forEach(ArrayList.java:1511)
	at org.testng.TestRunner.privateRun(TestRunner.java:829)
	at org.testng.TestRunner.run(TestRunner.java:602)
	at org.testng.SuiteRunner.runTest(SuiteRunner.java:437)
	at org.testng.SuiteRunner.runSequentially(SuiteRunner.java:431)
	at org.testng.SuiteRunner.privateRun(SuiteRunner.java:391)
	at org.testng.SuiteRunner.run(SuiteRunner.java:330)
	at org.testng.SuiteRunnerWorker.runSuite(SuiteRunnerWorker.java:52)
	at org.testng.SuiteRunnerWorker.run(SuiteRunnerWorker.java:95)
	at org.testng.TestNG.runSuitesSequentially(TestNG.java:1256)
	at org.testng.TestNG.runSuitesLocally(TestNG.java:1176)
	at org.testng.TestNG.runSuites(TestNG.java:1099)
	at org.testng.TestNG.run(TestNG.java:1067)
	at org.testng.remote.AbstractRemoteTestNG.run(AbstractRemoteTestNG.java:115)
	at org.testng.remote.RemoteTestNG.initAndRun(RemoteTestNG.java:251)
	at org.testng.remote.RemoteTestNG.main(RemoteTestNG.java:77)
</pre></div></td>
<td>0</td>
<td>TestNg.Bothdependent@8519cb4</td></tr>
<tr>
<td title='TestNg.Bothdependent.modifyCustomer()'><b>modifyCustomer</b><br>Test class: TestNg.Bothdependent</td>
<td><div><pre>java.lang.Throwable: Method TestNg.Bothdependent.modifyCustomer() on instance TestNg.Bothdependent@8519cb4 depends on not successfully finished methods 
[TestNg.Bothdependent.createCustomer() on instance TestNg.Bothdependent@8519cb4]
	at java.base/java.util.ArrayList.forEach(ArrayList.java:1511)
... Removed 18 stack frames</pre></div><a href='#' onClick='toggleBox("stack-trace1261198850", this, "Click to show all stack frames", "Click to hide stack frames")'>Click to show all stack frames</a>
<div class='stack-trace' id='stack-trace1261198850'><pre>java.lang.Throwable: Method TestNg.Bothdependent.modifyCustomer() on instance TestNg.Bothdependent@8519cb4 depends on not successfully finished methods 
[TestNg.Bothdependent.createCustomer() on instance TestNg.Bothdependent@8519cb4]
	at org.testng.internal.invokers.TestInvoker.invokeTestMethods(TestInvoker.java:150)
	at org.testng.internal.invokers.TestMethodWorker.invokeTestMethods(TestMethodWorker.java:148)
	at org.testng.internal.invokers.TestMethodWorker.run(TestMethodWorker.java:128)
	at java.base/java.util.ArrayList.forEach(ArrayList.java:1511)
	at org.testng.TestRunner.privateRun(TestRunner.java:829)
	at org.testng.TestRunner.run(TestRunner.java:602)
	at org.testng.SuiteRunner.runTest(SuiteRunner.java:437)
	at org.testng.SuiteRunner.runSequentially(SuiteRunner.java:431)
	at org.testng.SuiteRunner.privateRun(SuiteRunner.java:391)
	at org.testng.SuiteRunner.run(SuiteRunner.java:330)
	at org.testng.SuiteRunnerWorker.runSuite(SuiteRunnerWorker.java:52)
	at org.testng.SuiteRunnerWorker.run(SuiteRunnerWorker.java:95)
	at org.testng.TestNG.runSuitesSequentially(TestNG.java:1256)
	at org.testng.TestNG.runSuitesLocally(TestNG.java:1176)
	at org.testng.TestNG.runSuites(TestNG.java:1099)
	at org.testng.TestNG.run(TestNG.java:1067)
	at org.testng.remote.AbstractRemoteTestNG.run(AbstractRemoteTestNG.java:115)
	at org.testng.remote.RemoteTestNG.initAndRun(RemoteTestNG.java:251)
	at org.testng.remote.RemoteTestNG.main(RemoteTestNG.java:77)
</pre></div></td>
<td>0</td>
<td>TestNg.Bothdependent@8519cb4</td></tr>
</table><p>
</body>
</html>