<?xml version="1.0" encoding="UTF-8"?>
<!-- Generated by org.testng.reporters.JUnitXMLReporter -->
<testsuite ignored="1" hostname="Lenovo" failures="6" tests="55" name="Test" time="39.36" errors="0" timestamp="2023-08-04T18:10:53 IST">
  <testcase classname="TestNg.InnvoprioritycountTest" name="ModifyCustomer" time="0.062"/>
  <testcase classname="TestNg.InnvoprioritycountTest" name="createcustomer" time="0.009"/>
  <testcase classname="TestNg.InnvoprioritycountTest" name="deleteCustomer1" time="0.04"/>
  <testcase classname="TestNg.InnvoprioritycountTest" name="deleteCustomer1" time="0.007"/>
  <testcase classname="TestNg.InnvoprioritycountTest" name="deleteCustomer1" time="0.003"/>
  <testcase classname="TestNg.InnvoprioritycountTest" name="VerifyCustomer" time="0.011"/>
  <testcase classname="TestNg.InvocationcountTest" name="ModifyCustomer" time="0.01"/>
  <testcase classname="TestNg.InvocationcountTest" name="createcustomer" time="0.007"/>
  <testcase classname="TestNg.InvocationcountTest" name="deleteCustomer1" time="0.005"/>
  <testcase classname="TestNg.InvocationcountTest" name="deleteCustomer1" time="0.009"/>
  <testcase classname="TestNg.InvocationcountTest" name="deleteCustomer1" time="0.002"/>
  <testcase classname="TestNg.InvocationcountTest" name="VerifyCustomer" time="0.003"/>
  <testcase classname="TestNg.Bothdependent" name="createCustomer" time="0.105">
    <failure type="java.lang.AssertionError" message="null">
      <![CDATA[java.lang.AssertionError: null
at TestNg.Bothdependent.createCustomer(Bothdependent.java:12)
at java.base/java.util.ArrayList.forEach(ArrayList.java:1511)
... Removed 29 stack frames]]>
    </failure>
  </testcase> <!-- createCustomer -->
  <testcase classname="TestNg.Bothdependent" name="modifyCustomer" time="0.002">
    <skipped/>
  </testcase> <!-- modifyCustomer -->
  <testcase classname="TestNg.Bothdependent" name="deleteCustomer" time="0.0">
    <skipped/>
  </testcase> <!-- deleteCustomer -->
  <testcase classname="TestNg.UsinglastTest" name="Createcustomer" time="0.002"/>
  <testcase classname="TestNg.UsinglastTest" name="deleteCustomer" time="0.061"/>
  <testcase classname="TestNg.UsinglastTest" name="modifyCustomer" time="0.002"/>
  <testcase classname="TestNg.IntDataProviderPractice" name="dataProviderDemo" time="0.01"/>
  <testcase classname="TestNg.IntDataProviderPractice" name="dataProviderDemo" time="0.011"/>
  <testcase classname="TestNg.IntDataProviderPractice" name="dataProviderDemo" time="0.018"/>
  <testcase classname="TestNg.Program1" name="Createcustomer" time="0.004"/>
  <testcase classname="TestNg.Program1" name="deleteCustomer" time="0.009"/>
  <testcase classname="TestNg.Program1" name="modifyCustomer" time="0.005"/>
  <testcase classname="TestNg.TestngPractice1" name="createCustomer" time="0.004">
    <failure type="java.lang.AssertionError" message="null">
      <![CDATA[java.lang.AssertionError: null
at TestNg.TestngPractice1.createCustomer(TestngPractice1.java:11)
at java.base/java.util.ArrayList.forEach(ArrayList.java:1511)
... Removed 29 stack frames]]>
    </failure>
  </testcase> <!-- createCustomer -->
  <testcase classname="TestNg.TestngPractice1" name="modifyCustomer" time="0.0">
    <skipped/>
  </testcase> <!-- modifyCustomer -->
  <testcase classname="TestNg.TestngPractice1" name="deleteCustomer" time="0.0">
    <skipped/>
  </testcase> <!-- deleteCustomer -->
  <testcase classname="TestNg.Dependency10" name="createCustomer" time="0.003">
    <failure type="java.lang.AssertionError" message="null">
      <![CDATA[java.lang.AssertionError: null
at TestNg.Dependency10.createCustomer(Dependency10.java:11)
at java.base/java.util.ArrayList.forEach(ArrayList.java:1511)
... Removed 29 stack frames]]>
    </failure>
  </testcase> <!-- createCustomer -->
  <testcase classname="TestNg.Dependency10" name="deleteCustomer" time="0.002"/>
  <testcase classname="TestNg.Dependency10" name="modifyCustomer" time="0.0">
    <skipped/>
  </testcase> <!-- modifyCustomer -->
  <testcase classname="TestNg.PriorityTest" name="ModifyCustomer" time="0.005"/>
  <testcase classname="TestNg.PriorityTest" name="createcustomer" time="0.004"/>
  <testcase classname="TestNg.PriorityTest" name="VerifyCustomer" time="0.001"/>
  <testcase classname="TestNg.PriorityTest" name="deleteCustomer1" time="0.008"/>
  <testcase classname="TestNg.DataProviderPractice" name="dataProviderDemo" time="0.004"/>
  <testcase classname="TestNg.DataProviderPractice" name="dataProviderDemo" time="0.037"/>
  <testcase classname="TestNg.DataProviderPractice" name="dataProviderDemo" time="0.003"/>
  <testcase classname="TestNg.dependendTest" name="ModifyCustomer" time="0.003"/>
  <testcase classname="TestNg.dependendTest" name="createCustomer" time="0.003">
    <failure type="java.lang.AssertionError" message="null">
      <![CDATA[java.lang.AssertionError: null
at TestNg.dependendTest.createCustomer(dependendTest.java:12)
at java.base/java.util.ArrayList.forEach(ArrayList.java:1511)
... Removed 29 stack frames]]>
    </failure>
  </testcase> <!-- createCustomer -->
  <testcase classname="TestNg.dependendTest" name="createcustomer" time="0.002"/>
  <testcase classname="TestNg.dependendTest" name="deleteCustomer" time="0.043"/>
  <testcase classname="TestNg.Testngpractice" name="sample" time="0.004"/>
  <testcase classname="TestNg.Testngpractice" name="sampleTest" time="0.003"/>
  <testcase classname="TestNg.EnableDisavbleTest" name="createcustomer" time="0.003"/>
  <testcase classname="TestNg.EnableDisavbleTest" name="deleteCustomer1" time="0.004"/>
  <testcase classname="TestNg.EnableDisavbleTest" name="deleteCustomer1" time="0.003"/>
  <testcase classname="TestNg.EnableDisavbleTest" name="deleteCustomer1" time="0.002"/>
  <testcase classname="TestNg.EnableDisavbleTest" name="VerifyCustomer" time="0.001"/>
  <testcase classname="BasicSelenium.Testng1" name="createCustomer" time="0.002">
    <failure type="java.lang.AssertionError" message="null">
      <![CDATA[java.lang.AssertionError: null
at BasicSelenium.Testng1.createCustomer(Testng1.java:11)
at java.base/java.util.ArrayList.forEach(ArrayList.java:1511)
... Removed 29 stack frames]]>
    </failure>
  </testcase> <!-- createCustomer -->
  <testcase classname="BasicSelenium.Testng1" name="modifyCustomer" time="0.0">
    <skipped/>
  </testcase> <!-- modifyCustomer -->
  <testcase classname="BasicSelenium.Testng1" name="deleteCustomer" time="0.0">
    <skipped/>
  </testcase> <!-- deleteCustomer -->
  <testcase classname="TestNg.AscimodifyupdownTest" name="ModifyCustomer" time="0.001"/>
  <testcase classname="TestNg.AscimodifyupdownTest" name="createcustomer" time="0.001"/>
  <testcase classname="TestNg.AscimodifyupdownTest" name="deleteCustomer" time="0.001"/>
  <testcase classname="Pom.LoginToActiTimeApp" name="loginTest" time="37.098">
    <failure type="java.lang.IllegalStateException" message="The path to the driver executable Unable to locate the chromedriver executable; for more information on how to install drivers, see https://www.selenium.dev/documentation/webdriver/getting_started/install_drivers/">
      <![CDATA[java.lang.IllegalStateException: The path to the driver executable Unable to locate the chromedriver executable; for more information on how to install drivers, see https://www.selenium.dev/documentation/webdriver/getting_started/install_drivers/
at org.openqa.selenium.internal.Require$StateChecker.nonNull(Require.java:314)
at org.openqa.selenium.remote.service.DriverFinder.getPath(DriverFinder.java:33)
at org.openqa.selenium.chrome.ChromeDriver.generateExecutor(ChromeDriver.java:98)
at org.openqa.selenium.chrome.ChromeDriver.<init>(ChromeDriver.java:88)
at org.openqa.selenium.chrome.ChromeDriver.<init>(ChromeDriver.java:84)
at org.openqa.selenium.chrome.ChromeDriver.<init>(ChromeDriver.java:52)
at Pom.LoginToActiTimeApp.loginTest(LoginToActiTimeApp.java:24)
at java.base/java.util.ArrayList.forEach(ArrayList.java:1511)
... Removed 27 stack frames]]>
    </failure>
  </testcase> <!-- loginTest -->
  <testcase classname="TestNg.EnableDisavbleTest" name="ModifyCustomer" time="0.0">
    <ignored/>
  </testcase> <!-- ModifyCustomer -->
</testsuite> <!-- Test -->
